Wed Oct 2 11:20:01 UYT 2019
sw-bl-pba 6
sw-bl-pbb 35
sw-bl-p1a 55
sw-bl-p2a 40
sw-dcl-cam 25
sw-bl-p3a 23
sw-bl-p5a 19
sw-bl-p12a 40
sw-bl-p13a 33
sw-bl-p14a 16
sw-bb-ppa 80
sw-bb-pba 18
sw-bb-p1a 10
sw-bb-p2a 25
sw-bb-p3a 35
sw-bb-t01 0
sw-cc-1sa 28
sw-cc-p2a 55
sw-cc-p2b 3
sw-cc-p4a 87
sw-cc-p5a 60
sw-cc-p6a 39
sw-cc-p7a 57
sw-tel-cc-p8a 145
sw-hb-n0a 54
sw-hb-n0b 55
sw-hb-n0c 65
sw-hb-n1a 53
sw-hb-n1b 67
sw-hb-n1c 71
sw-hb-n2a 114
sw-hb-n2b 139
sw-hb-n2c 140
sw-hb-n3a 10
sw-hb-n3b 4
sw-hb-n3c 10
sw-hb-n4a 12
sw-hb-n4b 4
sw-hb-n4c 10
sw-hb-n5a 10
sw-hb-n5b 6
sw-hb-n5c 9
